<?xml version="1.0" encoding="UTF-8"?>
<testsuite xmlns:xsi="http://www.w3.org/2001/XMLSchema-instance" xsi:noNamespaceSchemaLocation="https://maven.apache.org/surefire/maven-surefire-plugin/xsd/surefire-test-report.xsd" name="com.javatechie.spring.docs.SpringRestDocsApplicationTests" time="3.541" tests="2" errors="1" skipped="0" failures="0">
  <properties>
[...]
</properties>
  <testcase name="shouldReturnBooks" classname="com.javatechie.spring.docs.SpringRestDocsApplicationTests" time="0.55"/>
  <testcase name="testShouldAddBook" classname="com.javatechie.spring.docs.SpringRestDocsApplicationTests" time="0.125">
    <error message="Request parameters with the following names were not found in the request: [price, name, id]" type="org.springframework.restdocs.snippet.SnippetException">org.springframework.restdocs.snippet.SnippetException: Request parameters with the following names were not found in the request: [price, name, id]
	at com.javatechie.spring.docs.SpringRestDocsApplicationTests.testShouldAddBook(SpringRestDocsApplicationTests.java:62)
</error>
    <system-out><![CDATA[2019-11-10 00:21:25.512  INFO 22588 --- [           main] o.s.b.t.m.w.SpringBootMockServletContext : Initializing Spring TestDispatcherServlet ''
2019-11-10 00:21:25.512  INFO 22588 --- [           main] o.s.t.web.servlet.TestDispatcherServlet  : Initializing Servlet ''
2019-11-10 00:21:25.514  INFO 22588 --- [           main] o.s.t.web.servlet.TestDispatcherServlet  : Completed initialization in 2 ms

MockHttpServletRequest:
      HTTP Method = POST
      Request URI = /books
       Parameters = {}
          Headers = [Content-Type:"application/json"]
             Body = <no character encoding set>
    Session Attrs = {}

Handler:
             Type = com.javatechie.spring.docs.SpringRestDocsApplication
           Method = com.javatechie.spring.docs.SpringRestDocsApplication#addBook(Book)

Async:
    Async started = false
     Async result = null

Resolved Exception:
             Type = null

ModelAndView:
        View name = null
             View = null
            Model = null

FlashMap:
       Attributes = null

MockHttpServletResponse:
           Status = 200
    Error message = null
          Headers = [Content-Type:"application/json"]
     Content type = application/json
             Body = {"id":199,"name":"Hibernate","price":800.0}
    Forwarded URL = null
   Redirected URL = null
          Cookies = []
]]></system-out>
  </testcase>
</testsuite>